<?xml version="1.0" encoding="UTF-8"?>
<!-- Generated by org.testng.reporters.JUnitReportReporter -->
<testsuite hostname="DESKTOP-4DNHLLE" failures="0" tests="1" name="com.Automation_project.TestCases.PaginationTest002" time="28.233" errors="0" timestamp="2024-12-03T13:06:01 EST" skipped="0">
  <testcase classname="com.Automation_project.TestCases.PaginationTest002" name="PaginationTest" time="28.233"/>
</testsuite> <!-- com.Automation_project.TestCases.PaginationTest002 -->
