<?xml version="1.0" encoding="UTF-8"?>
<!-- Generated by org.testng.reporters.JUnitReportReporter -->
<testsuite hostname="DESKTOP-4DNHLLE" failures="0" tests="1" name="com.Automation_project.TestCases.TC_LoginTest_001" time="28.331" errors="0" timestamp="2024-11-25T21:20:45 EST" skipped="0">
  <testcase classname="com.Automation_project.TestCases.TC_LoginTest_001" name="PaginationTest" time="28.331"/>
</testsuite> <!-- com.Automation_project.TestCases.TC_LoginTest_001 -->
